Unsupposrted library path: E:\workspaces\sexmod-dev-workspace\build\classes\java\api
Unsupposrted library path: E:\workspaces\sexmod-dev-workspace\build\resources\api
Symbol range map extraction starting
Processing 28 files
startProcessing "net/mcreator/sexmod/ClientProxysexmod.java" md5: dffd3821630aa8f273166370d901042b
endProcessing "net/mcreator/sexmod/ClientProxysexmod.java"

startProcessing "net/mcreator/sexmod/Elementssexmod.java" md5: 3bca618a7fd503149e560821d2e06ff4
endProcessing "net/mcreator/sexmod/Elementssexmod.java"

startProcessing "net/mcreator/sexmod/IProxysexmod.java" md5: 3ad1b22c7791d00c497ef7d622b88fb4
endProcessing "net/mcreator/sexmod/IProxysexmod.java"

startProcessing "net/mcreator/sexmod/MCreatorBondagegear.java" md5: 48b4957741e5c82f50c7fa8140c75858
endProcessing "net/mcreator/sexmod/MCreatorBondagegear.java"

startProcessing "net/mcreator/sexmod/MCreatorChalice.java" md5: b08310badf52817956fd4a562ad54fa5
endProcessing "net/mcreator/sexmod/MCreatorChalice.java"

startProcessing "net/mcreator/sexmod/MCreatorChaliceRightClickedOnBlock.java" md5: f469176f1a7e3722bae45fa14e259b36
endProcessing "net/mcreator/sexmod/MCreatorChaliceRightClickedOnBlock.java"

startProcessing "net/mcreator/sexmod/MCreatorCum.java" md5: e97e87941854487d8c391f3a2b3bc844
endProcessing "net/mcreator/sexmod/MCreatorCum.java"

startProcessing "net/mcreator/sexmod/MCreatorCumBlockAdded.java" md5: 958014dd08bd06bf4c6ac950c09d5438
endProcessing "net/mcreator/sexmod/MCreatorCumBlockAdded.java"

startProcessing "net/mcreator/sexmod/MCreatorCumMobplayerCollidesBlock.java" md5: 2420fbc150d2bdf496cb825754f0c630
endProcessing "net/mcreator/sexmod/MCreatorCumMobplayerCollidesBlock.java"

startProcessing "net/mcreator/sexmod/MCreatorFeminizing.java" md5: 339f21a54fd0edf294425a62f7bbb63e
endProcessing "net/mcreator/sexmod/MCreatorFeminizing.java"

startProcessing "net/mcreator/sexmod/MCreatorFeminizingPotionExpires.java" md5: c173a6d262330a399c6b44b47fb14d52
endProcessing "net/mcreator/sexmod/MCreatorFeminizingPotionExpires.java"

startProcessing "net/mcreator/sexmod/MCreatorFeminizingPotionStartedapplied.java" md5: b8f60ade2c648eaeec94d969651e4124
endProcessing "net/mcreator/sexmod/MCreatorFeminizingPotionStartedapplied.java"

startProcessing "net/mcreator/sexmod/MCreatorHRTSyringeRightClickedInAir.java" md5: ddf3108efac4cf965c3ce6e07d17e7c7
endProcessing "net/mcreator/sexmod/MCreatorHRTSyringeRightClickedInAir.java"

startProcessing "net/mcreator/sexmod/MCreatorHRT_Syringe.java" md5: 55416114a3fe3d8ec8bed28b18fec6df
endProcessing "net/mcreator/sexmod/MCreatorHRT_Syringe.java"

startProcessing "net/mcreator/sexmod/MCreatorSex.java" md5: 049511a3bc4ef12a41b300ac44d3c9db
endProcessing "net/mcreator/sexmod/MCreatorSex.java"

startProcessing "net/mcreator/sexmod/MCreatorSexCommandExecuted.java" md5: 5dd399ac8a4a3330cb7959be1d597e2d
endProcessing "net/mcreator/sexmod/MCreatorSexCommandExecuted.java"

startProcessing "net/mcreator/sexmod/MCreatorSexMod.java" md5: 23814bc03eb985b14b612345b2e571bb
endProcessing "net/mcreator/sexmod/MCreatorSexMod.java"

startProcessing "net/mcreator/sexmod/MCreatorSexgui.java" md5: b7599fd78efc074c7d3c4bd864330da1
endProcessing "net/mcreator/sexmod/MCreatorSexgui.java"

startProcessing "net/mcreator/sexmod/MCreatorSexitem.java" md5: 0206a24f62e878cfb30b5e82b27be7a0
endProcessing "net/mcreator/sexmod/MCreatorSexitem.java"

startProcessing "net/mcreator/sexmod/MCreatorSexitemRightClickedInAir.java" md5: 4d55c5c19ddadc9e7f60bec3a975f1f6
endProcessing "net/mcreator/sexmod/MCreatorSexitemRightClickedInAir.java"

startProcessing "net/mcreator/sexmod/MCreatorSexitemRightClickedOnBlock.java" md5: 682a81763b739612acc82dab5872447c
endProcessing "net/mcreator/sexmod/MCreatorSexitemRightClickedOnBlock.java"

startProcessing "net/mcreator/sexmod/MCreatorSyringe.java" md5: d3f2db02d1afc97eb4a2f7a8ca1dbaa7
endProcessing "net/mcreator/sexmod/MCreatorSyringe.java"

startProcessing "net/mcreator/sexmod/MCreatorTestmob.java" md5: 5ecc310d41786298d04458bf969c3cdd
endProcessing "net/mcreator/sexmod/MCreatorTestmob.java"

startProcessing "net/mcreator/sexmod/MCreatorTestmobRightClickedOnEntity.java" md5: 8324f956dd130efe1f6c9e781fc0c1e0
endProcessing "net/mcreator/sexmod/MCreatorTestmobRightClickedOnEntity.java"

startProcessing "net/mcreator/sexmod/MCreatorUnrefinedestrogen.java" md5: 4d011912b8a3f8f520d71b6f50d8f4c0
endProcessing "net/mcreator/sexmod/MCreatorUnrefinedestrogen.java"

startProcessing "net/mcreator/sexmod/ServerProxysexmod.java" md5: 42302e72b1492a422185ba8514834e92
endProcessing "net/mcreator/sexmod/ServerProxysexmod.java"

startProcessing "net/mcreator/sexmod/sexmod.java" md5: f7b219620d63989a5bc83330f123a79c
endProcessing "net/mcreator/sexmod/sexmod.java"

startProcessing "net/mcreator/sexmod/sexmodVariables.java" md5: ab695bee0e5895babec3aabdba8d3c5d
endProcessing "net/mcreator/sexmod/sexmodVariables.java"

